[2024-09-12 05:18:02] [ INFO ] [OdontologosServicio:72] Buscando todos los odontologos
[2024-09-12 05:18:02] [ INFO ] [OdontologosServicio:79] Se encontraron todos los Odontologos
[2024-09-12 05:18:41] [ INFO ] [OdontologosServicio:33] Iniciando registro de Odontologo
[2024-09-12 05:18:41] [ INFO ] [OdontologosServicio:35] Odontologo Guardado
[2024-09-12 05:19:34] [ INFO ] [OdontologosServicio:33] Iniciando registro de Odontologo
[2024-09-12 05:19:34] [ INFO ] [OdontologosServicio:35] Odontologo Guardado
[2024-09-12 05:20:38] [ INFO ] [OdontologosServicio:33] Iniciando registro de Odontologo
[2024-09-12 05:20:38] [ INFO ] [OdontologosServicio:35] Odontologo Guardado
[2024-09-12 05:21:14] [ INFO ] [OdontologosServicio:33] Iniciando registro de Odontologo
[2024-09-12 05:21:14] [ INFO ] [OdontologosServicio:35] Odontologo Guardado
[2024-09-12 05:24:04] [ INFO ] [OdontologosServicio:33] Iniciando registro de Odontologo
[2024-09-12 05:24:04] [ INFO ] [OdontologosServicio:35] Odontologo Guardado
[2024-09-12 05:25:35] [ INFO ] [OdontologosServicio:33] Iniciando registro de Odontologo
[2024-09-12 05:25:35] [ INFO ] [OdontologosServicio:35] Odontologo Guardado
[2024-09-12 05:33:13] [ INFO ] [OdontologosServicio:33] Iniciando registro de Odontologo
[2024-09-12 05:33:13] [ INFO ] [OdontologosServicio:35] Odontologo Guardado
[2024-09-12 05:36:29] [ INFO ] [OdontologosServicio:33] Iniciando registro de Odontologo
[2024-09-12 05:36:29] [ INFO ] [OdontologosServicio:35] Odontologo Guardado
[2024-09-12 05:37:09] [ INFO ] [OdontologosServicio:72] Buscando todos los odontologos
[2024-09-12 05:37:09] [ INFO ] [OdontologosServicio:79] Se encontraron todos los Odontologos
[2024-09-12 05:41:04] [ INFO ] [OdontologosServicio:60] Buscando odontologo id: 1
[2024-09-12 05:41:04] [ INFO ] [OdontologosServicio:66] Odontologo encontrado por Id
[2024-09-12 05:41:47] [ INFO ] [OdontologosServicio:42] Se eliminó el odontologo con id: 1
[2024-09-12 05:41:58] [ INFO ] [OdontologosServicio:72] Buscando todos los odontologos
[2024-09-12 05:41:58] [ INFO ] [OdontologosServicio:79] Se encontraron todos los Odontologos
[2024-09-12 05:42:04] [ INFO ] [OdontologosServicio:33] Iniciando registro de Odontologo
[2024-09-12 05:42:04] [ INFO ] [OdontologosServicio:35] Odontologo Guardado
[2024-09-12 05:43:16] [ INFO ] [OdontologosServicio:47] Modificando odontologo id: null
[2024-09-12 05:43:23] [ INFO ] [OdontologosServicio:47] Modificando odontologo id: null
[2024-09-12 05:45:28] [ INFO ] [OdontologosServicio:47] Modificando odontologo id: 1
[2024-09-12 05:45:28] [ INFO ] [OdontologosServicio:54] Odontologo Modificado
[2024-09-12 05:45:52] [ INFO ] [OdontologosServicio:47] Modificando odontologo id: null
[2024-09-12 05:46:00] [ INFO ] [OdontologosServicio:47] Modificando odontologo id: 1
[2024-09-12 05:46:00] [ INFO ] [OdontologosServicio:54] Odontologo Modificado
[2024-09-12 05:46:50] [ INFO ] [OdontologosServicio:47] Modificando odontologo id: 1
[2024-09-12 05:46:50] [ INFO ] [OdontologosServicio:54] Odontologo Modificado
[2024-09-12 05:46:55] [ INFO ] [OdontologosServicio:47] Modificando odontologo id: 1
[2024-09-12 05:46:55] [ INFO ] [OdontologosServicio:54] Odontologo Modificado
[2024-09-12 05:47:25] [ INFO ] [OdontologosServicio:72] Buscando todos los odontologos
[2024-09-12 05:47:25] [ INFO ] [OdontologosServicio:79] Se encontraron todos los Odontologos
[2024-09-12 05:47:31] [ INFO ] [OdontologosServicio:33] Iniciando registro de Odontologo
[2024-09-12 05:47:31] [ INFO ] [OdontologosServicio:35] Odontologo Guardado
[2024-09-12 05:47:35] [ INFO ] [OdontologosServicio:72] Buscando todos los odontologos
[2024-09-12 05:47:35] [ INFO ] [OdontologosServicio:79] Se encontraron todos los Odontologos
[2024-09-12 05:47:41] [ INFO ] [OdontologosServicio:47] Modificando odontologo id: 1
[2024-09-12 05:47:49] [ INFO ] [OdontologosServicio:47] Modificando odontologo id: 1
[2024-09-12 05:48:27] [ INFO ] [OdontologosServicio:47] Modificando odontologo id: 1
[2024-09-12 05:48:37] [ INFO ] [OdontologosServicio:72] Buscando todos los odontologos
[2024-09-12 05:48:37] [ INFO ] [OdontologosServicio:79] Se encontraron todos los Odontologos
[2024-09-12 05:48:43] [ INFO ] [OdontologosServicio:47] Modificando odontologo id: 1
[2024-09-12 05:48:53] [ INFO ] [OdontologosServicio:47] Modificando odontologo id: null
[2024-09-12 05:49:15] [ INFO ] [OdontologosServicio:47] Modificando odontologo id: null
[2024-09-12 05:49:31] [ INFO ] [OdontologosServicio:47] Modificando odontologo id: 1
[2024-09-12 05:49:35] [ INFO ] [OdontologosServicio:47] Modificando odontologo id: 1
[2024-09-12 05:50:44] [ INFO ] [OdontologosServicio:47] Modificando odontologo id: 1
[2024-09-12 05:50:45] [ INFO ] [OdontologosServicio:47] Modificando odontologo id: 1
[2024-09-12 05:51:30] [ INFO ] [OdontologosServicio:47] Modificando odontologo id: 1
[2024-09-12 05:51:30] [ INFO ] [OdontologosServicio:54] Odontologo Modificado
[2024-09-12 05:51:37] [ INFO ] [OdontologosServicio:72] Buscando todos los odontologos
[2024-09-12 05:51:37] [ INFO ] [OdontologosServicio:79] Se encontraron todos los Odontologos
[2024-09-12 05:51:46] [ INFO ] [OdontologosServicio:33] Iniciando registro de Odontologo
[2024-09-12 05:51:46] [ INFO ] [OdontologosServicio:35] Odontologo Guardado
[2024-09-12 05:51:51] [ INFO ] [OdontologosServicio:47] Modificando odontologo id: 1
[2024-09-12 05:53:42] [ INFO ] [OdontologosServicio:33] Iniciando registro de Odontologo
[2024-09-12 05:53:42] [ INFO ] [OdontologosServicio:35] Odontologo Guardado
[2024-09-12 05:53:52] [ INFO ] [OdontologosServicio:33] Iniciando registro de Odontologo
[2024-09-12 05:53:52] [ INFO ] [OdontologosServicio:35] Odontologo Guardado
[2024-09-12 05:53:56] [ INFO ] [OdontologosServicio:72] Buscando todos los odontologos
[2024-09-12 05:53:56] [ INFO ] [OdontologosServicio:79] Se encontraron todos los Odontologos
[2024-09-12 05:54:30] [ INFO ] [OdontologosServicio:47] Modificando odontologo id: 1
[2024-09-12 05:54:30] [ INFO ] [OdontologosServicio:54] Odontologo Modificado
[2024-09-12 05:54:35] [ INFO ] [OdontologosServicio:72] Buscando todos los odontologos
[2024-09-12 05:54:35] [ INFO ] [OdontologosServicio:79] Se encontraron todos los Odontologos
[2024-09-12 05:55:17] [ INFO ] [OdontologosServicio:47] Modificando odontologo id: 1
[2024-09-12 05:55:17] [ INFO ] [OdontologosServicio:54] Odontologo Modificado
[2024-09-12 05:55:21] [ INFO ] [OdontologosServicio:72] Buscando todos los odontologos
[2024-09-12 05:55:21] [ INFO ] [OdontologosServicio:79] Se encontraron todos los Odontologos
[2024-09-12 05:59:32] [ INFO ] [OdontologosServicio:47] Modificando odontologo id: 1
[2024-09-12 05:59:32] [ INFO ] [OdontologosServicio:54] Odontologo Modificado
[2024-09-12 05:59:38] [ INFO ] [OdontologosServicio:72] Buscando todos los odontologos
[2024-09-12 05:59:38] [ INFO ] [OdontologosServicio:79] Se encontraron todos los Odontologos
[2024-09-12 06:16:13] [ INFO ] [PacientesServicio:66] Buscando todos los pacientes
[2024-09-12 06:16:14] [ INFO ] [PacientesServicio:72] Se encontraron todos los Pacientes
[2024-09-12 06:16:40] [ INFO ] [PacientesServicio:27] Iniciando registro de Paciente
[2024-09-12 06:16:40] [ INFO ] [PacientesServicio:29] Paciente guardado id: null
[2024-09-12 06:16:48] [ INFO ] [PacientesServicio:54] Buscando paciente id: 1
[2024-09-12 06:16:48] [ INFO ] [PacientesServicio:60] Paciente encontrado por Id
[2024-09-12 06:18:26] [ INFO ] [PacientesServicio:27] Iniciando registro de Paciente
[2024-09-12 06:18:26] [ INFO ] [PacientesServicio:29] Paciente guardado id: null
[2024-09-12 06:20:08] [ INFO ] [PacientesServicio:27] Iniciando registro de Paciente
[2024-09-12 06:20:08] [ INFO ] [PacientesServicio:29] Paciente guardado id: null
[2024-09-12 06:20:32] [ INFO ] [PacientesServicio:27] Iniciando registro de Paciente
[2024-09-12 06:20:32] [ INFO ] [PacientesServicio:29] Paciente guardado id: null
[2024-09-12 06:21:03] [ INFO ] [PacientesServicio:27] Iniciando registro de Paciente
[2024-09-12 06:21:03] [ INFO ] [PacientesServicio:29] Paciente guardado id: null
[2024-09-12 06:21:08] [ INFO ] [PacientesServicio:66] Buscando todos los pacientes
[2024-09-12 06:21:08] [ INFO ] [PacientesServicio:72] Se encontraron todos los Pacientes
[2024-09-12 06:22:30] [ INFO ] [PacientesServicio:41] Modificando paciente id: 2
[2024-09-12 06:22:30] [ INFO ] [PacientesServicio:48] Paciente modificado
[2024-09-12 06:22:42] [ INFO ] [PacientesServicio:54] Buscando paciente id: 1
[2024-09-12 06:22:42] [ INFO ] [PacientesServicio:60] Paciente encontrado por Id
[2024-09-12 06:22:48] [ INFO ] [PacientesServicio:36] Se eliminó el paciente con id: 1
[2024-09-12 06:22:52] [ INFO ] [PacientesServicio:66] Buscando todos los pacientes
[2024-09-12 06:22:52] [ INFO ] [PacientesServicio:72] Se encontraron todos los Pacientes
[2024-09-12 06:29:09] [ INFO ] [TurnosServicio:29] Iniciando registro de turno nuevo
[2024-09-12 06:29:09] [ INFO ] [TurnosServicio:31] Turno agendado
[2024-09-12 06:29:25] [ INFO ] [TurnosServicio:29] Iniciando registro de turno nuevo
[2024-09-12 06:29:25] [ INFO ] [TurnosServicio:31] Turno agendado
[2024-09-12 06:29:40] [ INFO ] [PacientesServicio:66] Buscando todos los pacientes
[2024-09-12 06:29:40] [ INFO ] [PacientesServicio:72] Se encontraron todos los Pacientes
[2024-09-12 06:29:48] [ INFO ] [PacientesServicio:41] Modificando paciente id: 2
[2024-09-12 06:29:48] [ INFO ] [PacientesServicio:48] Paciente modificado
[2024-09-12 06:29:58] [ INFO ] [PacientesServicio:41] Modificando paciente id: 2
[2024-09-12 06:29:58] [ INFO ] [PacientesServicio:48] Paciente modificado
[2024-09-12 06:30:01] [ INFO ] [PacientesServicio:66] Buscando todos los pacientes
[2024-09-12 06:30:01] [ INFO ] [PacientesServicio:72] Se encontraron todos los Pacientes
[2024-09-12 06:30:09] [ INFO ] [PacientesServicio:27] Iniciando registro de Paciente
[2024-09-12 06:30:09] [ INFO ] [PacientesServicio:29] Paciente guardado id: null
[2024-09-12 06:30:21] [ INFO ] [PacientesServicio:66] Buscando todos los pacientes
[2024-09-12 06:30:21] [ INFO ] [PacientesServicio:72] Se encontraron todos los Pacientes
[2024-09-12 06:30:32] [ INFO ] [PacientesServicio:27] Iniciando registro de Paciente
[2024-09-12 06:30:32] [ INFO ] [PacientesServicio:29] Paciente guardado id: null
[2024-09-12 06:30:36] [ INFO ] [PacientesServicio:66] Buscando todos los pacientes
[2024-09-12 06:30:36] [ INFO ] [PacientesServicio:72] Se encontraron todos los Pacientes
[2024-09-12 06:30:49] [ INFO ] [OdontologosServicio:33] Iniciando registro de Odontologo
[2024-09-12 06:30:49] [ INFO ] [OdontologosServicio:35] Odontologo Guardado
[2024-09-12 06:30:55] [ INFO ] [OdontologosServicio:33] Iniciando registro de Odontologo
[2024-09-12 06:30:55] [ INFO ] [OdontologosServicio:35] Odontologo Guardado
[2024-09-12 06:30:58] [ INFO ] [OdontologosServicio:72] Buscando todos los odontologos
[2024-09-12 06:30:58] [ INFO ] [OdontologosServicio:79] Se encontraron todos los Odontologos
[2024-09-12 06:31:07] [ INFO ] [TurnosServicio:29] Iniciando registro de turno nuevo
[2024-09-12 06:31:07] [ INFO ] [TurnosServicio:31] Turno agendado
[2024-09-12 06:31:18] [ INFO ] [TurnosServicio:29] Iniciando registro de turno nuevo
[2024-09-12 06:31:18] [ INFO ] [TurnosServicio:31] Turno agendado
[2024-09-12 06:31:22] [ INFO ] [PacientesServicio:66] Buscando todos los pacientes
[2024-09-12 06:31:22] [ INFO ] [PacientesServicio:72] Se encontraron todos los Pacientes
[2024-09-12 06:31:36] [ INFO ] [TurnosServicio:56] Buscando turno id: 2
[2024-09-12 06:31:42] [ INFO ] [TurnosServicio:56] Buscando turno id: 1
[2024-09-12 06:32:00] [ INFO ] [TurnosServicio:68] Buscando todos los turnos
[2024-09-12 06:32:00] [ INFO ] [TurnosServicio:73] Se encontraron todos los Turnos
[2024-09-12 06:32:00] [ INFO ] [TurnosServicio:73] Se encontraron todos los Turnos
[2024-09-12 06:32:26] [ INFO ] [TurnosServicio:56] Buscando turno id: 3
[2024-09-12 06:32:26] [ INFO ] [TurnosServicio:61] Turno encontrado por Id
[2024-09-12 06:32:34] [ INFO ] [TurnosServicio:56] Buscando turno id: 4
[2024-09-12 06:32:34] [ INFO ] [TurnosServicio:61] Turno encontrado por Id
[2024-09-12 06:33:03] [ INFO ] [TurnosServicio:38] Se eliminó el turno con id: 4
[2024-09-12 06:33:39] [ INFO ] [TurnosServicio:43] Modificando turno id: null
[2024-09-12 06:33:44] [ INFO ] [TurnosServicio:43] Modificando turno id: null
[2024-09-12 06:33:50] [ INFO ] [TurnosServicio:43] Modificando turno id: null
[2024-09-12 06:34:09] [ INFO ] [TurnosServicio:29] Iniciando registro de turno nuevo
[2024-09-12 06:34:09] [ INFO ] [TurnosServicio:31] Turno agendado
[2024-09-12 06:34:23] [ INFO ] [TurnosServicio:43] Modificando turno id: null
[2024-09-12 06:35:26] [ INFO ] [TurnosServicio:68] Buscando todos los turnos
[2024-09-12 06:35:26] [ INFO ] [TurnosServicio:73] Se encontraron todos los Turnos
[2024-09-12 06:35:26] [ INFO ] [TurnosServicio:73] Se encontraron todos los Turnos
[2024-09-12 06:35:49] [ INFO ] [TurnosServicio:43] Modificando turno id: 5
[2024-09-12 06:35:49] [ INFO ] [TurnosServicio:50] Turno modificado
[2024-09-12 06:36:00] [ INFO ] [TurnosServicio:68] Buscando todos los turnos
[2024-09-12 06:36:00] [ INFO ] [TurnosServicio:73] Se encontraron todos los Turnos
[2024-09-12 06:36:00] [ INFO ] [TurnosServicio:73] Se encontraron todos los Turnos
[2024-09-12 06:36:24] [ INFO ] [TurnosServicio:38] Se eliminó el turno con id: 4
[2024-09-12 09:25:44] [ INFO ] [OdontologosServicio:33] Iniciando registro de Odontologo
[2024-09-12 09:25:44] [ INFO ] [OdontologosServicio:35] Odontologo Guardado
[2024-09-12 09:25:57] [ INFO ] [OdontologosServicio:33] Iniciando registro de Odontologo
[2024-09-12 09:25:57] [ INFO ] [OdontologosServicio:35] Odontologo Guardado
[2024-09-12 09:44:16] [ INFO ] [OdontologosServicio:33] Iniciando registro de Odontologo
[2024-09-12 09:44:16] [ INFO ] [OdontologosServicio:35] Odontologo Guardado
[2024-09-12 09:45:34] [ INFO ] [OdontologosServicio:72] Buscando todos los odontologos
[2024-09-12 09:45:34] [ INFO ] [OdontologosServicio:79] Se encontraron todos los Odontologos
[2024-09-12 09:46:14] [ INFO ] [OdontologosServicio:33] Iniciando registro de Odontologo
[2024-09-12 09:46:14] [ INFO ] [OdontologosServicio:35] Odontologo Guardado
[2024-09-12 09:46:14] [ INFO ] [OdontologosServicio:72] Buscando todos los odontologos
[2024-09-12 09:46:14] [ INFO ] [OdontologosServicio:79] Se encontraron todos los Odontologos
[2024-09-12 09:46:42] [ INFO ] [OdontologosServicio:72] Buscando todos los odontologos
[2024-09-12 09:46:42] [ INFO ] [OdontologosServicio:79] Se encontraron todos los Odontologos
[2024-09-12 09:48:54] [ INFO ] [OdontologosServicio:72] Buscando todos los odontologos
[2024-09-12 09:48:54] [ INFO ] [OdontologosServicio:79] Se encontraron todos los Odontologos
[2024-09-12 10:02:49] [ INFO ] [OdontologosServicio:72] Buscando todos los odontologos
[2024-09-12 10:02:50] [ INFO ] [OdontologosServicio:79] Se encontraron todos los Odontologos
[2024-09-12 10:02:58] [ INFO ] [OdontologosServicio:33] Iniciando registro de Odontologo
[2024-09-12 10:02:58] [ INFO ] [OdontologosServicio:35] Odontologo Guardado
[2024-09-12 10:02:58] [ INFO ] [OdontologosServicio:72] Buscando todos los odontologos
[2024-09-12 10:02:58] [ INFO ] [OdontologosServicio:79] Se encontraron todos los Odontologos
[2024-09-12 10:03:09] [ INFO ] [OdontologosServicio:72] Buscando todos los odontologos
[2024-09-12 10:03:09] [ INFO ] [OdontologosServicio:79] Se encontraron todos los Odontologos
[2024-09-12 10:03:28] [ INFO ] [OdontologosServicio:60] Buscando odontologo id: 1
[2024-09-12 10:03:28] [ INFO ] [OdontologosServicio:66] Odontologo encontrado por Id
[2024-09-12 10:17:02] [ INFO ] [OdontologosServicio:42] Se eliminó el odontologo con id: 1
[2024-09-12 10:17:02] [ INFO ] [OdontologosServicio:72] Buscando todos los odontologos
[2024-09-12 10:17:02] [ INFO ] [OdontologosServicio:79] Se encontraron todos los Odontologos
[2024-09-12 10:17:05] [ INFO ] [OdontologosServicio:33] Iniciando registro de Odontologo
[2024-09-12 10:17:05] [ INFO ] [OdontologosServicio:35] Odontologo Guardado
[2024-09-12 10:17:05] [ INFO ] [OdontologosServicio:72] Buscando todos los odontologos
[2024-09-12 10:17:05] [ INFO ] [OdontologosServicio:79] Se encontraron todos los Odontologos
[2024-09-12 10:17:39] [ INFO ] [OdontologosServicio:72] Buscando todos los odontologos
[2024-09-12 10:17:39] [ INFO ] [OdontologosServicio:79] Se encontraron todos los Odontologos
[2024-09-12 10:17:44] [ INFO ] [OdontologosServicio:72] Buscando todos los odontologos
[2024-09-12 10:17:44] [ INFO ] [OdontologosServicio:79] Se encontraron todos los Odontologos
[2024-09-12 10:19:44] [ INFO ] [OdontologosServicio:72] Buscando todos los odontologos
[2024-09-12 10:19:44] [ INFO ] [OdontologosServicio:79] Se encontraron todos los Odontologos
[2024-09-12 10:19:51] [ INFO ] [OdontologosServicio:33] Iniciando registro de Odontologo
[2024-09-12 10:19:51] [ INFO ] [OdontologosServicio:35] Odontologo Guardado
[2024-09-12 10:19:51] [ INFO ] [OdontologosServicio:72] Buscando todos los odontologos
[2024-09-12 10:19:51] [ INFO ] [OdontologosServicio:79] Se encontraron todos los Odontologos
[2024-09-12 10:19:56] [ INFO ] [OdontologosServicio:47] Modificando odontologo id: null
[2024-09-12 10:19:56] [ INFO ] [OdontologosServicio:72] Buscando todos los odontologos
[2024-09-12 10:19:56] [ INFO ] [OdontologosServicio:79] Se encontraron todos los Odontologos
[2024-09-12 10:22:58] [ INFO ] [OdontologosServicio:47] Modificando odontologo id: null
[2024-09-12 10:22:58] [ INFO ] [OdontologosServicio:72] Buscando todos los odontologos
[2024-09-12 10:22:58] [ INFO ] [OdontologosServicio:79] Se encontraron todos los Odontologos
[2024-09-12 10:23:02] [ INFO ] [OdontologosServicio:72] Buscando todos los odontologos
[2024-09-12 10:23:02] [ INFO ] [OdontologosServicio:79] Se encontraron todos los Odontologos
[2024-09-12 10:23:09] [ INFO ] [OdontologosServicio:33] Iniciando registro de Odontologo
[2024-09-12 10:23:09] [ INFO ] [OdontologosServicio:35] Odontologo Guardado
[2024-09-12 10:23:09] [ INFO ] [OdontologosServicio:72] Buscando todos los odontologos
[2024-09-12 10:23:09] [ INFO ] [OdontologosServicio:79] Se encontraron todos los Odontologos
[2024-09-12 10:23:13] [ INFO ] [OdontologosServicio:72] Buscando todos los odontologos
[2024-09-12 10:23:13] [ INFO ] [OdontologosServicio:79] Se encontraron todos los Odontologos
[2024-09-12 10:23:52] [ INFO ] [OdontologosServicio:72] Buscando todos los odontologos
[2024-09-12 10:23:53] [ INFO ] [OdontologosServicio:79] Se encontraron todos los Odontologos
[2024-09-12 10:24:00] [ INFO ] [OdontologosServicio:33] Iniciando registro de Odontologo
[2024-09-12 10:24:00] [ INFO ] [OdontologosServicio:35] Odontologo Guardado
[2024-09-12 10:24:00] [ INFO ] [OdontologosServicio:72] Buscando todos los odontologos
[2024-09-12 10:24:00] [ INFO ] [OdontologosServicio:79] Se encontraron todos los Odontologos
[2024-09-12 10:24:04] [ INFO ] [OdontologosServicio:47] Modificando odontologo id: null
[2024-09-12 10:24:04] [ INFO ] [OdontologosServicio:72] Buscando todos los odontologos
[2024-09-12 10:24:04] [ INFO ] [OdontologosServicio:79] Se encontraron todos los Odontologos
[2024-09-12 10:27:54] [ INFO ] [OdontologosServicio:73] Buscando todos los odontologos
[2024-09-12 10:27:54] [ INFO ] [OdontologosServicio:80] Se encontraron todos los Odontologos
[2024-09-12 10:27:59] [ INFO ] [OdontologosServicio:33] Iniciando registro de Odontologo
[2024-09-12 10:27:59] [ INFO ] [OdontologosServicio:35] Odontologo Guardado
[2024-09-12 10:27:59] [ INFO ] [OdontologosServicio:73] Buscando todos los odontologos
[2024-09-12 10:27:59] [ INFO ] [OdontologosServicio:80] Se encontraron todos los Odontologos
[2024-09-12 10:28:03] [ INFO ] [OdontologosServicio:47] Modificando odontologo id: null
[2024-09-12 10:28:03] [ INFO ] [OdontologosServicio:73] Buscando todos los odontologos
[2024-09-12 10:28:03] [ INFO ] [OdontologosServicio:80] Se encontraron todos los Odontologos
[2024-09-12 11:04:57] [ INFO ] [OdontologosServicio:77] Buscando todos los odontologos
[2024-09-12 11:04:57] [ INFO ] [OdontologosServicio:84] Se encontraron todos los Odontologos
[2024-09-12 11:05:03] [ INFO ] [OdontologosServicio:33] Iniciando registro de Odontologo
[2024-09-12 11:05:03] [ INFO ] [OdontologosServicio:35] Odontologo Guardado
[2024-09-12 11:05:03] [ INFO ] [OdontologosServicio:77] Buscando todos los odontologos
[2024-09-12 11:05:03] [ INFO ] [OdontologosServicio:84] Se encontraron todos los Odontologos
[2024-09-12 11:05:06] [ INFO ] [OdontologosServicio:47] Modificando odontologo id: null
[2024-09-12 11:05:06] [ INFO ] [OdontologosServicio:55] Odontologo Modificado
[2024-09-12 11:05:06] [ INFO ] [OdontologosServicio:77] Buscando todos los odontologos
[2024-09-12 11:05:06] [ INFO ] [OdontologosServicio:84] Se encontraron todos los Odontologos
[2024-09-12 11:05:18] [ INFO ] [OdontologosServicio:47] Modificando odontologo id: null
[2024-09-12 11:05:18] [ INFO ] [OdontologosServicio:55] Odontologo Modificado
[2024-09-12 11:05:18] [ INFO ] [OdontologosServicio:77] Buscando todos los odontologos
[2024-09-12 11:05:18] [ INFO ] [OdontologosServicio:84] Se encontraron todos los Odontologos
[2024-09-12 11:21:28] [ INFO ] [OdontologosServicio:92] Buscando todos los odontologos
[2024-09-12 11:21:29] [ INFO ] [OdontologosServicio:99] Se encontraron todos los Odontologos
[2024-09-12 11:21:34] [ INFO ] [OdontologosServicio:33] Iniciando registro de Odontologo
[2024-09-12 11:21:34] [ INFO ] [OdontologosServicio:35] Odontologo Guardado
[2024-09-12 11:21:34] [ INFO ] [OdontologosServicio:92] Buscando todos los odontologos
[2024-09-12 11:21:34] [ INFO ] [OdontologosServicio:99] Se encontraron todos los Odontologos
[2024-09-12 11:21:40] [ INFO ] [OdontologosServicio:47] Modificando odontologo id: null
[2024-09-12 11:21:40] [ INFO ] [OdontologosServicio:68] Odontologo Modificado
[2024-09-12 11:21:40] [ INFO ] [OdontologosServicio:92] Buscando todos los odontologos
[2024-09-12 11:21:40] [ INFO ] [OdontologosServicio:99] Se encontraron todos los Odontologos
[2024-09-12 11:21:48] [ INFO ] [OdontologosServicio:42] Se eliminó el odontologo con id: 1
[2024-09-12 11:21:48] [ INFO ] [OdontologosServicio:92] Buscando todos los odontologos
[2024-09-12 11:21:48] [ INFO ] [OdontologosServicio:99] Se encontraron todos los Odontologos
[2024-09-12 11:21:51] [ INFO ] [OdontologosServicio:33] Iniciando registro de Odontologo
[2024-09-12 11:21:51] [ INFO ] [OdontologosServicio:35] Odontologo Guardado
[2024-09-12 11:21:51] [ INFO ] [OdontologosServicio:92] Buscando todos los odontologos
[2024-09-12 11:21:51] [ INFO ] [OdontologosServicio:99] Se encontraron todos los Odontologos
[2024-09-12 11:22:12] [ INFO ] [OdontologosServicio:33] Iniciando registro de Odontologo
[2024-09-12 11:22:12] [ INFO ] [OdontologosServicio:35] Odontologo Guardado
[2024-09-12 11:22:12] [ INFO ] [OdontologosServicio:92] Buscando todos los odontologos
[2024-09-12 11:22:12] [ INFO ] [OdontologosServicio:99] Se encontraron todos los Odontologos
[2024-09-12 11:22:20] [ INFO ] [OdontologosServicio:47] Modificando odontologo id: null
[2024-09-12 11:22:20] [ INFO ] [OdontologosServicio:68] Odontologo Modificado
[2024-09-12 11:22:20] [ INFO ] [OdontologosServicio:92] Buscando todos los odontologos
[2024-09-12 11:22:20] [ INFO ] [OdontologosServicio:99] Se encontraron todos los Odontologos
[2024-09-12 11:22:28] [ INFO ] [OdontologosServicio:47] Modificando odontologo id: null
[2024-09-12 11:22:28] [ INFO ] [OdontologosServicio:68] Odontologo Modificado
[2024-09-12 11:22:28] [ INFO ] [OdontologosServicio:92] Buscando todos los odontologos
[2024-09-12 11:22:28] [ INFO ] [OdontologosServicio:99] Se encontraron todos los Odontologos
[2024-09-12 11:36:47] [ INFO ] [OdontologosServicio:92] Buscando todos los odontologos
[2024-09-12 11:36:47] [ INFO ] [OdontologosServicio:99] Se encontraron todos los Odontologos
[2024-09-12 11:36:48] [ INFO ] [OdontologosServicio:92] Buscando todos los odontologos
[2024-09-12 11:36:48] [ INFO ] [OdontologosServicio:99] Se encontraron todos los Odontologos
[2024-09-12 11:36:48] [ INFO ] [OdontologosServicio:92] Buscando todos los odontologos
[2024-09-12 11:36:48] [ INFO ] [OdontologosServicio:99] Se encontraron todos los Odontologos
[2024-09-12 11:37:30] [ INFO ] [OdontologosServicio:80] Buscando todos los odontologos
[2024-09-12 11:37:31] [ INFO ] [OdontologosServicio:87] Se encontraron todos los Odontologos
[2024-09-12 11:37:31] [ INFO ] [OdontologosServicio:80] Buscando todos los odontologos
[2024-09-12 11:37:31] [ INFO ] [OdontologosServicio:87] Se encontraron todos los Odontologos
[2024-09-12 11:37:32] [ INFO ] [OdontologosServicio:80] Buscando todos los odontologos
[2024-09-12 11:37:32] [ INFO ] [OdontologosServicio:87] Se encontraron todos los Odontologos
[2024-09-12 11:37:32] [ INFO ] [OdontologosServicio:80] Buscando todos los odontologos
[2024-09-12 11:37:32] [ INFO ] [OdontologosServicio:87] Se encontraron todos los Odontologos
[2024-09-12 11:37:32] [ INFO ] [OdontologosServicio:80] Buscando todos los odontologos
[2024-09-12 11:37:32] [ INFO ] [OdontologosServicio:87] Se encontraron todos los Odontologos
[2024-09-12 11:37:32] [ INFO ] [OdontologosServicio:80] Buscando todos los odontologos
[2024-09-12 11:37:32] [ INFO ] [OdontologosServicio:87] Se encontraron todos los Odontologos
[2024-09-12 11:37:33] [ INFO ] [OdontologosServicio:80] Buscando todos los odontologos
[2024-09-12 11:37:33] [ INFO ] [OdontologosServicio:87] Se encontraron todos los Odontologos
[2024-09-12 11:37:33] [ INFO ] [OdontologosServicio:80] Buscando todos los odontologos
[2024-09-12 11:37:33] [ INFO ] [OdontologosServicio:87] Se encontraron todos los Odontologos
[2024-09-12 11:37:33] [ INFO ] [OdontologosServicio:80] Buscando todos los odontologos
[2024-09-12 11:37:33] [ INFO ] [OdontologosServicio:87] Se encontraron todos los Odontologos
[2024-09-12 11:37:33] [ INFO ] [OdontologosServicio:80] Buscando todos los odontologos
[2024-09-12 11:37:33] [ INFO ] [OdontologosServicio:87] Se encontraron todos los Odontologos
[2024-09-12 11:37:34] [ INFO ] [OdontologosServicio:80] Buscando todos los odontologos
[2024-09-12 11:37:34] [ INFO ] [OdontologosServicio:87] Se encontraron todos los Odontologos
[2024-09-12 11:37:34] [ INFO ] [OdontologosServicio:80] Buscando todos los odontologos
[2024-09-12 11:37:34] [ INFO ] [OdontologosServicio:87] Se encontraron todos los Odontologos
[2024-09-12 11:37:37] [ INFO ] [OdontologosServicio:80] Buscando todos los odontologos
[2024-09-12 11:37:37] [ INFO ] [OdontologosServicio:87] Se encontraron todos los Odontologos
[2024-09-12 11:37:37] [ INFO ] [OdontologosServicio:80] Buscando todos los odontologos
[2024-09-12 11:37:37] [ INFO ] [OdontologosServicio:87] Se encontraron todos los Odontologos
[2024-09-12 11:37:38] [ INFO ] [OdontologosServicio:80] Buscando todos los odontologos
[2024-09-12 11:37:38] [ INFO ] [OdontologosServicio:87] Se encontraron todos los Odontologos
[2024-09-12 11:37:38] [ INFO ] [OdontologosServicio:80] Buscando todos los odontologos
[2024-09-12 11:37:38] [ INFO ] [OdontologosServicio:87] Se encontraron todos los Odontologos
[2024-09-12 11:37:38] [ INFO ] [OdontologosServicio:80] Buscando todos los odontologos
[2024-09-12 11:37:38] [ INFO ] [OdontologosServicio:87] Se encontraron todos los Odontologos
[2024-09-12 11:37:38] [ INFO ] [OdontologosServicio:80] Buscando todos los odontologos
[2024-09-12 11:37:38] [ INFO ] [OdontologosServicio:87] Se encontraron todos los Odontologos
[2024-09-12 11:41:22] [ INFO ] [OdontologosServicio:80] Buscando todos los odontologos
[2024-09-12 11:41:23] [ INFO ] [OdontologosServicio:87] Se encontraron todos los Odontologos
[2024-09-12 11:41:23] [ INFO ] [OdontologosServicio:80] Buscando todos los odontologos
[2024-09-12 11:41:23] [ INFO ] [OdontologosServicio:87] Se encontraron todos los Odontologos
[2024-09-12 11:41:24] [ INFO ] [OdontologosServicio:80] Buscando todos los odontologos
[2024-09-12 11:41:24] [ INFO ] [OdontologosServicio:87] Se encontraron todos los Odontologos
[2024-09-12 12:07:56] [ INFO ] [OdontologosServicio:80] Buscando todos los odontologos
[2024-09-12 12:07:56] [ INFO ] [OdontologosServicio:87] Se encontraron todos los Odontologos
[2024-09-12 12:07:56] [ INFO ] [PacientesServicio:66] Buscando todos los pacientes
[2024-09-12 12:07:56] [ INFO ] [PacientesServicio:72] Se encontraron todos los Pacientes
[2024-09-12 12:09:17] [ INFO ] [OdontologosServicio:80] Buscando todos los odontologos
[2024-09-12 12:09:18] [ INFO ] [OdontologosServicio:87] Se encontraron todos los Odontologos
[2024-09-12 12:09:18] [ INFO ] [PacientesServicio:66] Buscando todos los pacientes
[2024-09-12 12:09:18] [ INFO ] [PacientesServicio:72] Se encontraron todos los Pacientes
[2024-09-12 12:11:28] [ INFO ] [OdontologosServicio:80] Buscando todos los odontologos
[2024-09-12 12:11:28] [ INFO ] [OdontologosServicio:87] Se encontraron todos los Odontologos
[2024-09-12 12:11:28] [ INFO ] [PacientesServicio:66] Buscando todos los pacientes
[2024-09-12 12:11:28] [ INFO ] [PacientesServicio:72] Se encontraron todos los Pacientes
[2024-09-12 12:12:20] [ INFO ] [OdontologosServicio:33] Iniciando registro de Odontologo
[2024-09-12 12:12:20] [ INFO ] [OdontologosServicio:35] Odontologo Guardado
[2024-09-12 12:12:20] [ INFO ] [OdontologosServicio:80] Buscando todos los odontologos
[2024-09-12 12:12:20] [ INFO ] [OdontologosServicio:87] Se encontraron todos los Odontologos
[2024-09-12 12:12:37] [ INFO ] [PacientesServicio:27] Iniciando registro de Paciente
[2024-09-12 12:12:37] [ INFO ] [PacientesServicio:29] Paciente guardado id: null
[2024-09-12 12:12:38] [ INFO ] [PacientesServicio:66] Buscando todos los pacientes
[2024-09-12 12:12:38] [ INFO ] [PacientesServicio:72] Se encontraron todos los Pacientes
[2024-09-12 12:23:52] [ INFO ] [OdontologosServicio:80] Buscando todos los odontologos
[2024-09-12 12:23:52] [ INFO ] [OdontologosServicio:87] Se encontraron todos los Odontologos
[2024-09-12 12:23:52] [ INFO ] [PacientesServicio:66] Buscando todos los pacientes
[2024-09-12 12:23:52] [ INFO ] [PacientesServicio:72] Se encontraron todos los Pacientes
[2024-09-12 12:24:20] [ INFO ] [PacientesServicio:66] Buscando todos los pacientes
[2024-09-12 12:24:20] [ INFO ] [PacientesServicio:72] Se encontraron todos los Pacientes
[2024-09-12 12:38:38] [ INFO ] [OdontologosServicio:80] Buscando todos los odontologos
[2024-09-12 12:38:38] [ INFO ] [OdontologosServicio:87] Se encontraron todos los Odontologos
[2024-09-12 12:38:38] [ INFO ] [PacientesServicio:66] Buscando todos los pacientes
[2024-09-12 12:38:38] [ INFO ] [PacientesServicio:72] Se encontraron todos los Pacientes
[2024-09-12 12:38:53] [ INFO ] [PacientesServicio:66] Buscando todos los pacientes
[2024-09-12 12:38:53] [ INFO ] [PacientesServicio:72] Se encontraron todos los Pacientes
[2024-09-12 12:47:46] [ INFO ] [OdontologosServicio:80] Buscando todos los odontologos
[2024-09-12 12:47:46] [ INFO ] [OdontologosServicio:87] Se encontraron todos los Odontologos
[2024-09-12 12:47:46] [ INFO ] [PacientesServicio:66] Buscando todos los pacientes
[2024-09-12 12:47:46] [ INFO ] [PacientesServicio:72] Se encontraron todos los Pacientes
[2024-09-12 12:48:05] [ INFO ] [PacientesServicio:66] Buscando todos los pacientes
[2024-09-12 12:48:05] [ INFO ] [PacientesServicio:72] Se encontraron todos los Pacientes
[2024-09-12 13:12:51] [ INFO ] [OdontologosServicio:80] Buscando todos los odontologos
[2024-09-12 13:12:52] [ INFO ] [OdontologosServicio:87] Se encontraron todos los Odontologos
[2024-09-12 13:12:52] [ INFO ] [PacientesServicio:66] Buscando todos los pacientes
[2024-09-12 13:12:52] [ INFO ] [PacientesServicio:72] Se encontraron todos los Pacientes
[2024-09-12 13:13:04] [ INFO ] [PacientesServicio:66] Buscando todos los pacientes
[2024-09-12 13:13:04] [ INFO ] [PacientesServicio:72] Se encontraron todos los Pacientes
[2024-09-12 13:35:35] [ INFO ] [OdontologosServicio:80] Buscando todos los odontologos
[2024-09-12 13:35:35] [ INFO ] [OdontologosServicio:87] Se encontraron todos los Odontologos
[2024-09-12 13:35:35] [ INFO ] [PacientesServicio:66] Buscando todos los pacientes
[2024-09-12 13:35:35] [ INFO ] [PacientesServicio:72] Se encontraron todos los Pacientes
[2024-09-12 13:35:43] [ INFO ] [OdontologosServicio:33] Iniciando registro de Odontologo
[2024-09-12 13:35:43] [ INFO ] [OdontologosServicio:35] Odontologo Guardado
[2024-09-12 13:35:44] [ INFO ] [OdontologosServicio:80] Buscando todos los odontologos
[2024-09-12 13:35:44] [ INFO ] [OdontologosServicio:87] Se encontraron todos los Odontologos
[2024-09-12 13:36:14] [ INFO ] [PacientesServicio:66] Buscando todos los pacientes
[2024-09-12 13:36:14] [ INFO ] [PacientesServicio:72] Se encontraron todos los Pacientes
[2024-09-12 13:47:53] [ INFO ] [OdontologosServicio:80] Buscando todos los odontologos
[2024-09-12 13:47:53] [ INFO ] [OdontologosServicio:87] Se encontraron todos los Odontologos
[2024-09-12 13:47:54] [ INFO ] [PacientesServicio:66] Buscando todos los pacientes
[2024-09-12 13:47:54] [ INFO ] [PacientesServicio:72] Se encontraron todos los Pacientes
[2024-09-12 13:47:59] [ INFO ] [OdontologosServicio:33] Iniciando registro de Odontologo
[2024-09-12 13:47:59] [ INFO ] [OdontologosServicio:35] Odontologo Guardado
[2024-09-12 13:48:00] [ INFO ] [OdontologosServicio:80] Buscando todos los odontologos
[2024-09-12 13:48:00] [ INFO ] [OdontologosServicio:87] Se encontraron todos los Odontologos
[2024-09-12 13:48:23] [ INFO ] [PacientesServicio:27] Iniciando registro de Paciente
[2024-09-12 13:48:23] [ INFO ] [PacientesServicio:29] Paciente guardado id: null
[2024-09-12 13:48:23] [ INFO ] [PacientesServicio:66] Buscando todos los pacientes
[2024-09-12 13:48:23] [ INFO ] [PacientesServicio:72] Se encontraron todos los Pacientes
